No files changed, compilation skipped
note[unused-import]: unused imports should be removed
 --> test/asyam/invariant/Invariant_BundleNoCrossCallBalanceLeak.t.sol:6:9
  |
6 | import {IMidnightBundles, Take, CollateralSupply, TokenPermit, CollateralWithdrawal, PermitKind} from "../../../src/periphery/interfa...
  |         ^^^^^^^^^^^^^^^^
  |
  = help: https://book.getfoundry.sh/reference/forge/forge-lint#unused-import

warning[erc20-unchecked-transfer]: ERC20 'transfer' and 'transferFrom' calls should check the return value
  --> test/asyam/mocks/BundleReentrantAttacker.sol:44:9
   |
44 |         ERC20(market.loanToken).transferFrom(buyer, address(this), buyerAssets);
   |         ^^^^^^^^^^^^^^^^^^^^^^^^^^^^^^^^^^^^^^^^^^^^^^^^^^^^^^^^^^^^^^^^^^^^^^^
   |
   = help: https://book.getfoundry.sh/reference/forge/forge-lint#erc20-unchecked-transfer

note[unused-import]: unused imports should be removed
 --> test/asyam/Config.t.sol:7:9
  |
7 | import {TickLib, MAX_TICK} from "../../src/libraries/TickLib.sol";
  |         ^^^^^^^
  |
  = help: https://book.getfoundry.sh/reference/forge/forge-lint#unused-import

note[unused-import]: unused imports should be removed
 --> test/asyam/Config.t.sol:8:9
  |
8 | import {WAD} from "../../src/libraries/ConstantsLib.sol";
  |         ^^^
  |
  = help: https://book.getfoundry.sh/reference/forge/forge-lint#unused-import

note[mixed-case-function]: function names should use mixedCase
   --> test/vendor/Permit2.sol:220:14
    |
220 |     function DOMAIN_SEPARATOR() public view override returns (bytes32) {
    |              ^^^^^^^^^^^^^^^^ help: consider using: `domainSeparator`
    |
    = help: https://book.getfoundry.sh/reference/forge/forge-lint#mixed-case-function

note[unused-import]: unused imports should be removed
 --> test/asyam/poc/PoC_PendingFeeLossFactorSync.t.sol:6:20
  |
6 | import {IMidnight, Market, Offer} from "../../../src/interfaces/IMidnight.sol";
  |                    ^^^^^^
  |
  = help: https://book.getfoundry.sh/reference/forge/forge-lint#unused-import

note[unused-import]: unused imports should be removed
 --> test/asyam/poc/PoC_EnterGateForcedDebt.t.sol:7:9
  |
7 | import {IMidnight} from "../../../src/interfaces/IMidnight.sol";
  |         ^^^^^^^^^
  |
  = help: https://book.getfoundry.sh/reference/forge/forge-lint#unused-import

note[unused-import]: unused imports should be removed
 --> test/asyam/mocks/ReentrantCallback.sol:8:9
  |
8 | import {IMidnightBundles, Take, CollateralSupply, TokenPermit} from "../../../src/periphery/interfaces/IMidnightBundles.sol";
  |         ^^^^^^^^^^^^^^^^
  |
  = help: https://book.getfoundry.sh/reference/forge/forge-lint#unused-import

note[unused-import]: unused imports should be removed
 --> src/periphery/MidnightBundles.sol:5:28
  |
5 | import {IMidnight, Market, Offer} from "../interfaces/IMidnight.sol";
  |                            ^^^^^
  |
  = help: https://book.getfoundry.sh/reference/forge/forge-lint#unused-import

warning[erc20-unchecked-transfer]: ERC20 'transfer' and 'transferFrom' calls should check the return value
  --> test/asyam/mocks/ReentrantCallback.sol:88:17
   |
88 |                 ERC20(market.loanToken).transferFrom(buyer, address(this), buyerAssets);
   |                 ^^^^^^^^^^^^^^^^^^^^^^^^^^^^^^^^^^^^^^^^^^^^^^^^^^^^^^^^^^^^^^^^^^^^^^^
   |
   = help: https://book.getfoundry.sh/reference/forge/forge-lint#erc20-unchecked-transfer

note[unused-import]: unused imports should be removed
 --> test/asyam/poc/PoC_BundleHelperRevertSemantics.t.sol:7:9
  |
7 | import {IMidnight} from "../../../src/interfaces/IMidnight.sol";
  |         ^^^^^^^^^
  |
  = help: https://book.getfoundry.sh/reference/forge/forge-lint#unused-import

note[unused-import]: unused imports should be removed
 --> test/asyam/poc/PoC_LiquidationSolventBadDebt.t.sol:7:9
  |
7 | import {IOracle} from "../../../src/interfaces/IOracle.sol";
  |         ^^^^^^^
  |
  = help: https://book.getfoundry.sh/reference/forge/forge-lint#unused-import

note[unused-import]: unused imports should be removed
 --> test/asyam/poc/PoC_BundleTemporaryBalanceReentrancy.t.sol:6:9
  |
6 | import {IMidnightBundles, Take, CollateralSupply, TokenPermit} from "../../../src/periphery/interfaces/IMidnightBundles.sol";
  |         ^^^^^^^^^^^^^^^^
  |
  = help: https://book.getfoundry.sh/reference/forge/forge-lint#unused-import

warning[erc20-unchecked-transfer]: ERC20 'transfer' and 'transferFrom' calls should check the return value
   --> test/asyam/mocks/ReentrantCallback.sol:100:9
    |
100 |         ERC20(market.loanToken).transferFrom(buyer, address(this), buyerAssets);
    |         ^^^^^^^^^^^^^^^^^^^^^^^^^^^^^^^^^^^^^^^^^^^^^^^^^^^^^^^^^^^^^^^^^^^^^^^
    |
    = help: https://book.getfoundry.sh/reference/forge/forge-lint#erc20-unchecked-transfer

note[unused-import]: unused imports should be removed
 --> test/asyam/poc/PoC_LiquidationOverSeize.t.sol:7:34
  |
7 | import {ORACLE_PRICE_SCALE, WAD, TIME_TO_MAX_LIF} from "../../../src/libraries/ConstantsLib.sol";
  |                                  ^^^^^^^^^^^^^^^
  |
  = help: https://book.getfoundry.sh/reference/forge/forge-lint#unused-import

note[unused-import]: unused imports should be removed
 --> test/asyam/poc/PoC_SignatureMalleability.t.sol:5:16
  |
5 | import {Offer, Market, CollateralParams} from "../../../src/interfaces/IMidnight.sol";
  |                ^^^^^^
  |
  = help: https://book.getfoundry.sh/reference/forge/forge-lint#unused-import

note[unused-import]: unused imports should be removed
 --> test/asyam/poc/PoC_BundleTemporaryBalanceReentrancy.t.sol:6:51
  |
6 | import {IMidnightBundles, Take, CollateralSupply, TokenPermit} from "../../../src/periphery/interfaces/IMidnightBundles.sol";
  |                                                   ^^^^^^^^^^^
  |
  = help: https://book.getfoundry.sh/reference/forge/forge-lint#unused-import

note[unused-import]: unused imports should be removed
 --> test/asyam/poc/PoC_SignatureMalleability.t.sol:5:24
  |
5 | import {Offer, Market, CollateralParams} from "../../../src/interfaces/IMidnight.sol";
  |                        ^^^^^^^^^^^^^^^^
  |
  = help: https://book.getfoundry.sh/reference/forge/forge-lint#unused-import

note[unused-import]: unused imports should be removed
 --> test/asyam/poc/PoC_SignatureMalleability.t.sol:6:27
  |
6 | import {CALLBACK_SUCCESS, LLTV_4} from "../../../src/libraries/ConstantsLib.sol";
  |                           ^^^^^^
  |
  = help: https://book.getfoundry.sh/reference/forge/forge-lint#unused-import

note[mixed-case-function]: function names should use mixedCase
  --> test/erc20s/PermitExt.sol:16:14
   |
16 |     function DOMAIN_SEPARATOR() public view returns (bytes32) {
   |              ^^^^^^^^^^^^^^^^ help: consider using: `domainSeparator`
   |
   = help: https://book.getfoundry.sh/reference/forge/forge-lint#mixed-case-function

note[unused-import]: unused imports should be removed
  --> test/BaseTest.sol:14:5
   |
14 |     IEcrecoverRatifier,
   |     ^^^^^^^^^^^^^^^^^^
   |
   = help: https://book.getfoundry.sh/reference/forge/forge-lint#unused-import

note[unused-import]: unused imports should be removed
 --> test/EcrecoverRatifierIntegrationTest.sol:9:5
  |
9 |     EIP712_DOMAIN_TYPEHASH
  |     ^^^^^^^^^^^^^^^^^^^^^^
  |
  = help: https://book.getfoundry.sh/reference/forge/forge-lint#unused-import

