No files changed, compilation skipped

Ran 3 tests for test/asyam/poc/historical/PoC_Hist_RcfTopUpLiquidationGrief.t.sol:PoCHistRcfTopUpLiquidationGriefTest
[PASS] testHist_SmallTopUpCannotIncreaseBadDebtAtIdenticalPrice() (gas: 676676)
Traces:
  [851110] PoCHistRcfTopUpLiquidationGriefTest::testHist_SmallTopUpCannotIncreaseBadDebtAtIdenticalPrice()
    ├─ [0] VM::getBlockTimestamp() [staticcall]
    │   └─ ← [Return] 1
    ├─ [148101] Midnight::touchMarket(Market({ loanToken: 0xc7183455a4C133Ae270771860664b6B7ec320bB1, collateralParams: [CollateralParams({ token: 0xa0Cb889707d426A7A386870A03bc70d1b0697598, lltv: 770000000000000000 [7.7e17], maxLif: 1061007957559681697 [1.061e18], oracle: 0xA4AD4f68d0b91CFD19687c881e50f3A00242828c })], maturity: 101, rcfThreshold: 55524656502917372687 [5.552e19], enterGate: 0x0000000000000000000000000000000000000000, liquidatorGate: 0x0000000000000000000000000000000000000000 }))
    │   ├─ [76893] → new <unknown>@0x68E0A92Ab3411B3CE27FDC9712E10f0194f96674
    │   │   └─ ← [Return] 384 bytes of code
    │   ├─ emit MarketCreated(market: Market({ loanToken: 0xc7183455a4C133Ae270771860664b6B7ec320bB1, collateralParams: [CollateralParams({ token: 0xa0Cb889707d426A7A386870A03bc70d1b0697598, lltv: 770000000000000000 [7.7e17], maxLif: 1061007957559681697 [1.061e18], oracle: 0xA4AD4f68d0b91CFD19687c881e50f3A00242828c })], maturity: 101, rcfThreshold: 55524656502917372687 [5.552e19], enterGate: 0x0000000000000000000000000000000000000000, liquidatorGate: 0x0000000000000000000000000000000000000000 }), id_: 0xb27e5e33a2159a44b8b4cfa768e0a92ab3411b3ce27fdc9712e10f0194f96674)
    │   └─ ← [Return] 0xb27e5e33a2159a44b8b4cfa768e0a92ab3411b3ce27fdc9712e10f0194f96674
    ├─ [5717] Midnight::setMarketTickSpacing(0xb27e5e33a2159a44b8b4cfa768e0a92ab3411b3ce27fdc9712e10f0194f96674, 1)
    │   ├─ emit SetMarketTickSpacing(id_: 0xb27e5e33a2159a44b8b4cfa768e0a92ab3411b3ce27fdc9712e10f0194f96674, newTickSpacing: 1)
    │   └─ ← [Return]
    ├─ [2263] Oracle::price() [staticcall]
    │   └─ ← [Return] 1000000000000000000000000000000000000 [1e36]
    ├─ [2530] ERC20Permit::balanceOf(BORROWER: [0x7d8A6b343f153D9d026466636ED35cA13C367fD2]) [staticcall]
    │   └─ ← [Return] 0
    ├─ [0] VM::record()
    │   └─ ← [Return]
    ├─ [530] ERC20Permit::balanceOf(BORROWER: [0x7d8A6b343f153D9d026466636ED35cA13C367fD2]) [staticcall]
    │   └─ ← [Return] 0
    ├─ [0] VM::accesses(ERC20Permit: [0xa0Cb889707d426A7A386870A03bc70d1b0697598]) [staticcall]
    │   └─ ← [Return] [0x15a468c6d900628ce3ba4517e2b560d7819ee949d1a87fc9ee12d70bbe498594], []
    ├─ [0] VM::load(ERC20Permit: [0xa0Cb889707d426A7A386870A03bc70d1b0697598], 0x15a468c6d900628ce3ba4517e2b560d7819ee949d1a87fc9ee12d70bbe498594) [staticcall]
    │   └─ ← [Return] 0x0000000000000000000000000000000000000000000000000000000000000000
    ├─ emit WARNING_UninitedSlot(who: ERC20Permit: [0xa0Cb889707d426A7A386870A03bc70d1b0697598], slot: 9789055881414681156735395477386165223285663674022031532147534007212698076564 [9.789e75])
    ├─ [0] VM::load(ERC20Permit: [0xa0Cb889707d426A7A386870A03bc70d1b0697598], 0x15a468c6d900628ce3ba4517e2b560d7819ee949d1a87fc9ee12d70bbe498594) [staticcall]
    │   └─ ← [Return] 0x0000000000000000000000000000000000000000000000000000000000000000
    ├─ [530] ERC20Permit::balanceOf(BORROWER: [0x7d8A6b343f153D9d026466636ED35cA13C367fD2]) [staticcall]
    │   └─ ← [Return] 0
    ├─ [0] VM::store(ERC20Permit: [0xa0Cb889707d426A7A386870A03bc70d1b0697598], 0x15a468c6d900628ce3ba4517e2b560d7819ee949d1a87fc9ee12d70bbe498594, 0xffffffffffffffffffffffffffffffffffffffffffffffffffffffffffffffff)
    │   └─ ← [Return]
    ├─ [530] ERC20Permit::balanceOf(BORROWER: [0x7d8A6b343f153D9d026466636ED35cA13C367fD2]) [staticcall]
    │   └─ ← [Return] 115792089237316195423570985008687907853269984665640564039457584007913129639935 [1.157e77]
    ├─ [0] VM::store(ERC20Permit: [0xa0Cb889707d426A7A386870A03bc70d1b0697598], 0x15a468c6d900628ce3ba4517e2b560d7819ee949d1a87fc9ee12d70bbe498594, 0x0000000000000000000000000000000000000000000000000000000000000000)
    │   └─ ← [Return]
    ├─ emit SlotFound(who: ERC20Permit: [0xa0Cb889707d426A7A386870A03bc70d1b0697598], fsig: 0x70a08231, keysHash: 0x6e74baf98b31b7b30020f336160de74407bace769cf6b06ccab8e5b277ed88ee, slot: 9789055881414681156735395477386165223285663674022031532147534007212698076564 [9.789e75])
    ├─ [0] VM::load(ERC20Permit: [0xa0Cb889707d426A7A386870A03bc70d1b0697598], 0x15a468c6d900628ce3ba4517e2b560d7819ee949d1a87fc9ee12d70bbe498594) [staticcall]
    │   └─ ← [Return] 0x0000000000000000000000000000000000000000000000000000000000000000
    ├─ [0] VM::store(ERC20Permit: [0xa0Cb889707d426A7A386870A03bc70d1b0697598], 0x15a468c6d900628ce3ba4517e2b560d7819ee949d1a87fc9ee12d70bbe498594, 0x0000000000000000000000000000000000000000000000070a4f630912f03532)
    │   └─ ← [Return]
    ├─ [530] ERC20Permit::balanceOf(BORROWER: [0x7d8A6b343f153D9d026466636ED35cA13C367fD2]) [staticcall]
    │   └─ ← [Return] 129870129870129870130 [1.298e20]
    ├─ [0] VM::startPrank(BORROWER: [0x7d8A6b343f153D9d026466636ED35cA13C367fD2])
    │   └─ ← [Return]
    ├─ [2592] ERC20Permit::approve(Midnight: [0x5615dEB798BB3E4dFa0139dFa1b3D433Cc23b72f], 0)
    │   └─ ← [Return] true
    ├─ [20392] ERC20Permit::approve(Midnight: [0x5615dEB798BB3E4dFa0139dFa1b3D433Cc23b72f], 129870129870129870130 [1.298e20])
    │   └─ ← [Return] true
    ├─ [77338] Midnight::supplyCollateral(Market({ loanToken: 0xc7183455a4C133Ae270771860664b6B7ec320bB1, collateralParams: [CollateralParams({ token: 0xa0Cb889707d426A7A386870A03bc70d1b0697598, lltv: 770000000000000000 [7.7e17], maxLif: 1061007957559681697 [1.061e18], oracle: 0xA4AD4f68d0b91CFD19687c881e50f3A00242828c })], maturity: 101, rcfThreshold: 55524656502917372687 [5.552e19], enterGate: 0x0000000000000000000000000000000000000000, liquidatorGate: 0x0000000000000000000000000000000000000000 }), 0, 129870129870129870130 [1.298e20], BORROWER: [0x7d8A6b343f153D9d026466636ED35cA13C367fD2])
    │   ├─ emit SupplyCollateral(caller: BORROWER: [0x7d8A6b343f153D9d026466636ED35cA13C367fD2], id_: 0xb27e5e33a2159a44b8b4cfa768e0a92ab3411b3ce27fdc9712e10f0194f96674, collateral: ERC20Permit: [0xa0Cb889707d426A7A386870A03bc70d1b0697598], assets: 129870129870129870130 [1.298e20], onBehalf: BORROWER: [0x7d8A6b343f153D9d026466636ED35cA13C367fD2])
    │   ├─ [23848] ERC20Permit::transferFrom(BORROWER: [0x7d8A6b343f153D9d026466636ED35cA13C367fD2], Midnight: [0x5615dEB798BB3E4dFa0139dFa1b3D433Cc23b72f], 129870129870129870130 [1.298e20])
    │   │   └─ ← [Return] true
    │   └─ ← [Return]
    ├─ [0] VM::stopPrank()
    │   └─ ← [Return]
    ├─ [0] VM::prank(LENDER: [0xb012341CA6E91C00A290F658fbaA5211F2559fB1])
    │   └─ ← [Return]
    ├─ [160672] Midnight::take(Offer({ market: Market({ loanToken: 0xc7183455a4C133Ae270771860664b6B7ec320bB1, collateralParams: [CollateralParams({ token: 0xa0Cb889707d426A7A386870A03bc70d1b0697598, lltv: 770000000000000000 [7.7e17], maxLif: 1061007957559681697 [1.061e18], oracle: 0xA4AD4f68d0b91CFD19687c881e50f3A00242828c })], maturity: 101, rcfThreshold: 55524656502917372687 [5.552e19], enterGate: 0x0000000000000000000000000000000000000000, liquidatorGate: 0x0000000000000000000000000000000000000000 }), buy: false, maker: 0x7d8A6b343f153D9d026466636ED35cA13C367fD2, start: 1, expiry: 17280001 [1.728e7], tick: 5820, group: 0x0000000000000000000000000000000000000000000000000000000000000000, callback: 0x0000000000000000000000000000000000000000, callbackData: 0x, receiverIfMakerIsSeller: 0x7d8A6b343f153D9d026466636ED35cA13C367fD2, ratifier: 0x5991A2dF15A8F6A256D3Ec51E99254Cd3fb576A9, reduceOnly: false, maxUnits: 100000000000000000000 [1e20], maxAssets: 0 }), 0x, 100000000000000000000 [1e20], LENDER: [0xb012341CA6E91C00A290F658fbaA5211F2559fB1], BORROWER: [0x7d8A6b343f153D9d026466636ED35cA13C367fD2], 0x0000000000000000000000000000000000000000, 0x)
    │   ├─ [2777] DummyRatifier::isRatified(Offer({ market: Market({ loanToken: 0xc7183455a4C133Ae270771860664b6B7ec320bB1, collateralParams: [CollateralParams({ token: 0xa0Cb889707d426A7A386870A03bc70d1b0697598, lltv: 770000000000000000 [7.7e17], maxLif: 1061007957559681697 [1.061e18], oracle: 0xA4AD4f68d0b91CFD19687c881e50f3A00242828c })], maturity: 101, rcfThreshold: 55524656502917372687 [5.552e19], enterGate: 0x0000000000000000000000000000000000000000, liquidatorGate: 0x0000000000000000000000000000000000000000 }), buy: false, maker: 0x7d8A6b343f153D9d026466636ED35cA13C367fD2, start: 1, expiry: 17280001 [1.728e7], tick: 5820, group: 0x0000000000000000000000000000000000000000000000000000000000000000, callback: 0x0000000000000000000000000000000000000000, callbackData: 0x, receiverIfMakerIsSeller: 0x7d8A6b343f153D9d026466636ED35cA13C367fD2, ratifier: 0x5991A2dF15A8F6A256D3Ec51E99254Cd3fb576A9, reduceOnly: false, maxUnits: 100000000000000000000 [1e20], maxAssets: 0 }), 0x) [staticcall]
    │   │   └─ ← [Return] 0x7f87788ea698181ea4d28d1576d0ba4fc92c0dbe5bf75b43692af2ce91dbaea2
    │   ├─ emit UpdatePosition(id_: 0xb27e5e33a2159a44b8b4cfa768e0a92ab3411b3ce27fdc9712e10f0194f96674, user: LENDER: [0xb012341CA6E91C00A290F658fbaA5211F2559fB1], creditDecrease: 0, pendingFeeDecrease: 0, accruedFee: 0)
    │   ├─ emit Take(caller: LENDER: [0xb012341CA6E91C00A290F658fbaA5211F2559fB1], id_: 0xb27e5e33a2159a44b8b4cfa768e0a92ab3411b3ce27fdc9712e10f0194f96674, units: 100000000000000000000 [1e20], taker: LENDER: [0xb012341CA6E91C00A290F658fbaA5211F2559fB1], maker: BORROWER: [0x7d8A6b343f153D9d026466636ED35cA13C367fD2], offerIsBuy: false, group: 0x0000000000000000000000000000000000000000000000000000000000000000, buyerAssets: 100000000000000000000 [1e20], sellerAssets: 100000000000000000000 [1e20], consumed: 100000000000000000000 [1e20], buyerPendingFeeIncrease: 0, sellerPendingFeeDecrease: 0, buyerCreditIncrease: 100000000000000000000 [1e20], sellerCreditDecrease: 0, receiver: BORROWER: [0x7d8A6b343f153D9d026466636ED35cA13C367fD2], payer: LENDER: [0xb012341CA6E91C00A290F658fbaA5211F2559fB1])
    │   ├─ [7948] ERC20Permit::transferFrom(LENDER: [0xb012341CA6E91C00A290F658fbaA5211F2559fB1], Midnight: [0x5615dEB798BB3E4dFa0139dFa1b3D433Cc23b72f], 0)
    │   │   └─ ← [Return] true
    │   ├─ [12348] ERC20Permit::transferFrom(LENDER: [0xb012341CA6E91C00A290F658fbaA5211F2559fB1], BORROWER: [0x7d8A6b343f153D9d026466636ED35cA13C367fD2], 100000000000000000000 [1e20])
    │   │   └─ ← [Return] true
    │   ├─ [263] Oracle::price() [staticcall]
    │   │   └─ ← [Return] 1000000000000000000000000000000000000 [1e36]
    │   └─ ← [Return] 100000000000000000000 [1e20], 100000000000000000000 [1e20]
    ├─ [3033] Oracle::setPrice(900000000000000000000000000000000000 [9e35])
    │   └─ ← [Stop]
    ├─ [3413] Midnight::isHealthy(Market({ loanToken: 0xc7183455a4C133Ae270771860664b6B7ec320bB1, collateralParams: [CollateralParams({ token: 0xa0Cb889707d426A7A386870A03bc70d1b0697598, lltv: 770000000000000000 [7.7e17], maxLif: 1061007957559681697 [1.061e18], oracle: 0xA4AD4f68d0b91CFD19687c881e50f3A00242828c })], maturity: 101, rcfThreshold: 55524656502917372687 [5.552e19], enterGate: 0x0000000000000000000000000000000000000000, liquidatorGate: 0x0000000000000000000000000000000000000000 }), 0xb27e5e33a2159a44b8b4cfa768e0a92ab3411b3ce27fdc9712e10f0194f96674, BORROWER: [0x7d8A6b343f153D9d026466636ED35cA13C367fD2]) [staticcall]
    │   ├─ [263] Oracle::price() [staticcall]
    │   │   └─ ← [Return] 900000000000000000000000000000000000 [9e35]
    │   └─ ← [Return] false
    ├─ [793] Midnight::lossFactor(0xb27e5e33a2159a44b8b4cfa768e0a92ab3411b3ce27fdc9712e10f0194f96674) [staticcall]
    │   └─ ← [Return] 0
    ├─ [1524] Midnight::debtOf(0xb27e5e33a2159a44b8b4cfa768e0a92ab3411b3ce27fdc9712e10f0194f96674, BORROWER: [0x7d8A6b343f153D9d026466636ED35cA13C367fD2]) [staticcall]
    │   └─ ← [Return] 100000000000000000000 [1e20]
    ├─ [739] Midnight::totalUnits(0xb27e5e33a2159a44b8b4cfa768e0a92ab3411b3ce27fdc9712e10f0194f96674) [staticcall]
    │   └─ ← [Return] 100000000000000000000 [1e20]
    ├─ [1749] Midnight::collateral(0xb27e5e33a2159a44b8b4cfa768e0a92ab3411b3ce27fdc9712e10f0194f96674, BORROWER: [0x7d8A6b343f153D9d026466636ED35cA13C367fD2], 0) [staticcall]
    │   └─ ← [Return] 129870129870129870130 [1.298e20]
    ├─ [1524] Midnight::debtOf(0xb27e5e33a2159a44b8b4cfa768e0a92ab3411b3ce27fdc9712e10f0194f96674, BORROWER: [0x7d8A6b343f153D9d026466636ED35cA13C367fD2]) [staticcall]
    │   └─ ← [Return] 100000000000000000000 [1e20]
    ├─ [530] ERC20Permit::balanceOf(BORROWER: [0x7d8A6b343f153D9d026466636ED35cA13C367fD2]) [staticcall]
    │   └─ ← [Return] 0
    ├─ [0] VM::load(ERC20Permit: [0xa0Cb889707d426A7A386870A03bc70d1b0697598], 0x15a468c6d900628ce3ba4517e2b560d7819ee949d1a87fc9ee12d70bbe498594) [staticcall]
    │   └─ ← [Return] 0x0000000000000000000000000000000000000000000000000000000000000000
    ├─ [0] VM::store(ERC20Permit: [0xa0Cb889707d426A7A386870A03bc70d1b0697598], 0x15a468c6d900628ce3ba4517e2b560d7819ee949d1a87fc9ee12d70bbe498594, 0x0000000000000000000000000000000000000000000000000000000000000002)
    │   └─ ← [Return]
    ├─ [530] ERC20Permit::balanceOf(BORROWER: [0x7d8A6b343f153D9d026466636ED35cA13C367fD2]) [staticcall]
    │   └─ ← [Return] 2
    ├─ [0] VM::startPrank(BORROWER: [0x7d8A6b343f153D9d026466636ED35cA13C367fD2])
    │   └─ ← [Return]
    ├─ [20392] ERC20Permit::approve(Midnight: [0x5615dEB798BB3E4dFa0139dFa1b3D433Cc23b72f], 2)
    │   └─ ← [Return] true
    ├─ [11039] Midnight::supplyCollateral(Market({ loanToken: 0xc7183455a4C133Ae270771860664b6B7ec320bB1, collateralParams: [CollateralParams({ token: 0xa0Cb889707d426A7A386870A03bc70d1b0697598, lltv: 770000000000000000 [7.7e17], maxLif: 1061007957559681697 [1.061e18], oracle: 0xA4AD4f68d0b91CFD19687c881e50f3A00242828c })], maturity: 101, rcfThreshold: 55524656502917372687 [5.552e19], enterGate: 0x0000000000000000000000000000000000000000, liquidatorGate: 0x0000000000000000000000000000000000000000 }), 0, 2, BORROWER: [0x7d8A6b343f153D9d026466636ED35cA13C367fD2])
    │   ├─ emit SupplyCollateral(caller: BORROWER: [0x7d8A6b343f153D9d026466636ED35cA13C367fD2], id_: 0xb27e5e33a2159a44b8b4cfa768e0a92ab3411b3ce27fdc9712e10f0194f96674, collateral: ERC20Permit: [0xa0Cb889707d426A7A386870A03bc70d1b0697598], assets: 2, onBehalf: BORROWER: [0x7d8A6b343f153D9d026466636ED35cA13C367fD2])
    │   ├─ [1948] ERC20Permit::transferFrom(BORROWER: [0x7d8A6b343f153D9d026466636ED35cA13C367fD2], Midnight: [0x5615dEB798BB3E4dFa0139dFa1b3D433Cc23b72f], 2)
    │   │   └─ ← [Return] true
    │   └─ ← [Return]
    ├─ [0] VM::stopPrank()
    │   └─ ← [Return]
    ├─ [24750] Midnight::liquidate(Market({ loanToken: 0xc7183455a4C133Ae270771860664b6B7ec320bB1, collateralParams: [CollateralParams({ token: 0xa0Cb889707d426A7A386870A03bc70d1b0697598, lltv: 770000000000000000 [7.7e17], maxLif: 1061007957559681697 [1.061e18], oracle: 0xA4AD4f68d0b91CFD19687c881e50f3A00242828c })], maturity: 101, rcfThreshold: 55524656502917372687 [5.552e19], enterGate: 0x0000000000000000000000000000000000000000, liquidatorGate: 0x0000000000000000000000000000000000000000 }), 0, 0, 0, BORROWER: [0x7d8A6b343f153D9d026466636ED35cA13C367fD2], false, 0x0000000000000000000000000000000000000000, 0x0000000000000000000000000000000000000000, 0x)
    │   ├─ [263] Oracle::price() [staticcall]
    │   │   └─ ← [Return] 900000000000000000000000000000000000 [9e35]
    │   ├─ emit Liquidate(caller: PoCHistRcfTopUpLiquidationGriefTest: [0x7FA9385bE102ac3EAc297483Dd6233D62b3e1496], id_: 0xb27e5e33a2159a44b8b4cfa768e0a92ab3411b3ce27fdc9712e10f0194f96674, collateral: ERC20Permit: [0xa0Cb889707d426A7A386870A03bc70d1b0697598], seizedAssets: 0, repaidUnits: 0, borrower: BORROWER: [0x7d8A6b343f153D9d026466636ED35cA13C367fD2], postMaturityMode: false, receiver: 0x0000000000000000000000000000000000000000, payer: PoCHistRcfTopUpLiquidationGriefTest: [0x7FA9385bE102ac3EAc297483Dd6233D62b3e1496], badDebt: 0, latestLossFactor: 0, latestContinuousFeeCredit: 0)
    │   ├─ [3314] ERC20Permit::transfer(0x0000000000000000000000000000000000000000, 0)
    │   │   └─ ← [Return] true
    │   ├─ [5948] ERC20Permit::transferFrom(PoCHistRcfTopUpLiquidationGriefTest: [0x7FA9385bE102ac3EAc297483Dd6233D62b3e1496], Midnight: [0x5615dEB798BB3E4dFa0139dFa1b3D433Cc23b72f], 0)
    │   │   └─ ← [Return] true
    │   └─ ← [Return] 0, 0
    ├─ [1524] Midnight::debtOf(0xb27e5e33a2159a44b8b4cfa768e0a92ab3411b3ce27fdc9712e10f0194f96674, BORROWER: [0x7d8A6b343f153D9d026466636ED35cA13C367fD2]) [staticcall]
    │   └─ ← [Return] 100000000000000000000 [1e20]
    ├─ [739] Midnight::totalUnits(0xb27e5e33a2159a44b8b4cfa768e0a92ab3411b3ce27fdc9712e10f0194f96674) [staticcall]
    │   └─ ← [Return] 100000000000000000000 [1e20]
    ├─ [793] Midnight::lossFactor(0xb27e5e33a2159a44b8b4cfa768e0a92ab3411b3ce27fdc9712e10f0194f96674) [staticcall]
    │   └─ ← [Return] 0
    └─ ← [Return]

[PASS] testHist_SmallTopUpFlipsFullCloseToRcfButAdaptivePartialLiquidationRecoversHealth() (gas: 1009510)
Traces:
  [1267153] PoCHistRcfTopUpLiquidationGriefTest::testHist_SmallTopUpFlipsFullCloseToRcfButAdaptivePartialLiquidationRecoversHealth()
    ├─ [0] VM::getBlockTimestamp() [staticcall]
    │   └─ ← [Return] 1
    ├─ [148101] Midnight::touchMarket(Market({ loanToken: 0xc7183455a4C133Ae270771860664b6B7ec320bB1, collateralParams: [CollateralParams({ token: 0xa0Cb889707d426A7A386870A03bc70d1b0697598, lltv: 770000000000000000 [7.7e17], maxLif: 1061007957559681697 [1.061e18], oracle: 0xA4AD4f68d0b91CFD19687c881e50f3A00242828c })], maturity: 101, rcfThreshold: 55524656502917372687 [5.552e19], enterGate: 0x0000000000000000000000000000000000000000, liquidatorGate: 0x0000000000000000000000000000000000000000 }))
    │   ├─ [76893] → new <unknown>@0x68E0A92Ab3411B3CE27FDC9712E10f0194f96674
    │   │   └─ ← [Return] 384 bytes of code
    │   ├─ emit MarketCreated(market: Market({ loanToken: 0xc7183455a4C133Ae270771860664b6B7ec320bB1, collateralParams: [CollateralParams({ token: 0xa0Cb889707d426A7A386870A03bc70d1b0697598, lltv: 770000000000000000 [7.7e17], maxLif: 1061007957559681697 [1.061e18], oracle: 0xA4AD4f68d0b91CFD19687c881e50f3A00242828c })], maturity: 101, rcfThreshold: 55524656502917372687 [5.552e19], enterGate: 0x0000000000000000000000000000000000000000, liquidatorGate: 0x0000000000000000000000000000000000000000 }), id_: 0xb27e5e33a2159a44b8b4cfa768e0a92ab3411b3ce27fdc9712e10f0194f96674)
    │   └─ ← [Return] 0xb27e5e33a2159a44b8b4cfa768e0a92ab3411b3ce27fdc9712e10f0194f96674
    ├─ [5717] Midnight::setMarketTickSpacing(0xb27e5e33a2159a44b8b4cfa768e0a92ab3411b3ce27fdc9712e10f0194f96674, 1)
    │   ├─ emit SetMarketTickSpacing(id_: 0xb27e5e33a2159a44b8b4cfa768e0a92ab3411b3ce27fdc9712e10f0194f96674, newTickSpacing: 1)
    │   └─ ← [Return]
    ├─ [2263] Oracle::price() [staticcall]
    │   └─ ← [Return] 1000000000000000000000000000000000000 [1e36]
    ├─ [2530] ERC20Permit::balanceOf(BORROWER: [0x7d8A6b343f153D9d026466636ED35cA13C367fD2]) [staticcall]
    │   └─ ← [Return] 0
    ├─ [0] VM::record()
    │   └─ ← [Return]
    ├─ [530] ERC20Permit::balanceOf(BORROWER: [0x7d8A6b343f153D9d026466636ED35cA13C367fD2]) [staticcall]
    │   └─ ← [Return] 0
    ├─ [0] VM::accesses(ERC20Permit: [0xa0Cb889707d426A7A386870A03bc70d1b0697598]) [staticcall]
    │   └─ ← [Return] [0x15a468c6d900628ce3ba4517e2b560d7819ee949d1a87fc9ee12d70bbe498594], []
    ├─ [0] VM::load(ERC20Permit: [0xa0Cb889707d426A7A386870A03bc70d1b0697598], 0x15a468c6d900628ce3ba4517e2b560d7819ee949d1a87fc9ee12d70bbe498594) [staticcall]
    │   └─ ← [Return] 0x0000000000000000000000000000000000000000000000000000000000000000
    ├─ emit WARNING_UninitedSlot(who: ERC20Permit: [0xa0Cb889707d426A7A386870A03bc70d1b0697598], slot: 9789055881414681156735395477386165223285663674022031532147534007212698076564 [9.789e75])
    ├─ [0] VM::load(ERC20Permit: [0xa0Cb889707d426A7A386870A03bc70d1b0697598], 0x15a468c6d900628ce3ba4517e2b560d7819ee949d1a87fc9ee12d70bbe498594) [staticcall]
    │   └─ ← [Return] 0x0000000000000000000000000000000000000000000000000000000000000000
    ├─ [530] ERC20Permit::balanceOf(BORROWER: [0x7d8A6b343f153D9d026466636ED35cA13C367fD2]) [staticcall]
    │   └─ ← [Return] 0
    ├─ [0] VM::store(ERC20Permit: [0xa0Cb889707d426A7A386870A03bc70d1b0697598], 0x15a468c6d900628ce3ba4517e2b560d7819ee949d1a87fc9ee12d70bbe498594, 0xffffffffffffffffffffffffffffffffffffffffffffffffffffffffffffffff)
    │   └─ ← [Return]
    ├─ [530] ERC20Permit::balanceOf(BORROWER: [0x7d8A6b343f153D9d026466636ED35cA13C367fD2]) [staticcall]
    │   └─ ← [Return] 115792089237316195423570985008687907853269984665640564039457584007913129639935 [1.157e77]
    ├─ [0] VM::store(ERC20Permit: [0xa0Cb889707d426A7A386870A03bc70d1b0697598], 0x15a468c6d900628ce3ba4517e2b560d7819ee949d1a87fc9ee12d70bbe498594, 0x0000000000000000000000000000000000000000000000000000000000000000)
    │   └─ ← [Return]
    ├─ emit SlotFound(who: ERC20Permit: [0xa0Cb889707d426A7A386870A03bc70d1b0697598], fsig: 0x70a08231, keysHash: 0x6e74baf98b31b7b30020f336160de74407bace769cf6b06ccab8e5b277ed88ee, slot: 9789055881414681156735395477386165223285663674022031532147534007212698076564 [9.789e75])
    ├─ [0] VM::load(ERC20Permit: [0xa0Cb889707d426A7A386870A03bc70d1b0697598], 0x15a468c6d900628ce3ba4517e2b560d7819ee949d1a87fc9ee12d70bbe498594) [staticcall]
    │   └─ ← [Return] 0x0000000000000000000000000000000000000000000000000000000000000000
    ├─ [0] VM::store(ERC20Permit: [0xa0Cb889707d426A7A386870A03bc70d1b0697598], 0x15a468c6d900628ce3ba4517e2b560d7819ee949d1a87fc9ee12d70bbe498594, 0x0000000000000000000000000000000000000000000000070a4f630912f03532)
    │   └─ ← [Return]
    ├─ [530] ERC20Permit::balanceOf(BORROWER: [0x7d8A6b343f153D9d026466636ED35cA13C367fD2]) [staticcall]
    │   └─ ← [Return] 129870129870129870130 [1.298e20]
    ├─ [0] VM::startPrank(BORROWER: [0x7d8A6b343f153D9d026466636ED35cA13C367fD2])
    │   └─ ← [Return]
    ├─ [2592] ERC20Permit::approve(Midnight: [0x5615dEB798BB3E4dFa0139dFa1b3D433Cc23b72f], 0)
    │   └─ ← [Return] true
    ├─ [20392] ERC20Permit::approve(Midnight: [0x5615dEB798BB3E4dFa0139dFa1b3D433Cc23b72f], 129870129870129870130 [1.298e20])
    │   └─ ← [Return] true
    ├─ [77338] Midnight::supplyCollateral(Market({ loanToken: 0xc7183455a4C133Ae270771860664b6B7ec320bB1, collateralParams: [CollateralParams({ token: 0xa0Cb889707d426A7A386870A03bc70d1b0697598, lltv: 770000000000000000 [7.7e17], maxLif: 1061007957559681697 [1.061e18], oracle: 0xA4AD4f68d0b91CFD19687c881e50f3A00242828c })], maturity: 101, rcfThreshold: 55524656502917372687 [5.552e19], enterGate: 0x0000000000000000000000000000000000000000, liquidatorGate: 0x0000000000000000000000000000000000000000 }), 0, 129870129870129870130 [1.298e20], BORROWER: [0x7d8A6b343f153D9d026466636ED35cA13C367fD2])
    │   ├─ emit SupplyCollateral(caller: BORROWER: [0x7d8A6b343f153D9d026466636ED35cA13C367fD2], id_: 0xb27e5e33a2159a44b8b4cfa768e0a92ab3411b3ce27fdc9712e10f0194f96674, collateral: ERC20Permit: [0xa0Cb889707d426A7A386870A03bc70d1b0697598], assets: 129870129870129870130 [1.298e20], onBehalf: BORROWER: [0x7d8A6b343f153D9d026466636ED35cA13C367fD2])
    │   ├─ [23848] ERC20Permit::transferFrom(BORROWER: [0x7d8A6b343f153D9d026466636ED35cA13C367fD2], Midnight: [0x5615dEB798BB3E4dFa0139dFa1b3D433Cc23b72f], 129870129870129870130 [1.298e20])
    │   │   └─ ← [Return] true
    │   └─ ← [Return]
    ├─ [0] VM::stopPrank()
    │   └─ ← [Return]
    ├─ [0] VM::prank(LENDER: [0xb012341CA6E91C00A290F658fbaA5211F2559fB1])
    │   └─ ← [Return]
    ├─ [160672] Midnight::take(Offer({ market: Market({ loanToken: 0xc7183455a4C133Ae270771860664b6B7ec320bB1, collateralParams: [CollateralParams({ token: 0xa0Cb889707d426A7A386870A03bc70d1b0697598, lltv: 770000000000000000 [7.7e17], maxLif: 1061007957559681697 [1.061e18], oracle: 0xA4AD4f68d0b91CFD19687c881e50f3A00242828c })], maturity: 101, rcfThreshold: 55524656502917372687 [5.552e19], enterGate: 0x0000000000000000000000000000000000000000, liquidatorGate: 0x0000000000000000000000000000000000000000 }), buy: false, maker: 0x7d8A6b343f153D9d026466636ED35cA13C367fD2, start: 1, expiry: 17280001 [1.728e7], tick: 5820, group: 0x0000000000000000000000000000000000000000000000000000000000000000, callback: 0x0000000000000000000000000000000000000000, callbackData: 0x, receiverIfMakerIsSeller: 0x7d8A6b343f153D9d026466636ED35cA13C367fD2, ratifier: 0x5991A2dF15A8F6A256D3Ec51E99254Cd3fb576A9, reduceOnly: false, maxUnits: 100000000000000000000 [1e20], maxAssets: 0 }), 0x, 100000000000000000000 [1e20], LENDER: [0xb012341CA6E91C00A290F658fbaA5211F2559fB1], BORROWER: [0x7d8A6b343f153D9d026466636ED35cA13C367fD2], 0x0000000000000000000000000000000000000000, 0x)
    │   ├─ [2777] DummyRatifier::isRatified(Offer({ market: Market({ loanToken: 0xc7183455a4C133Ae270771860664b6B7ec320bB1, collateralParams: [CollateralParams({ token: 0xa0Cb889707d426A7A386870A03bc70d1b0697598, lltv: 770000000000000000 [7.7e17], maxLif: 1061007957559681697 [1.061e18], oracle: 0xA4AD4f68d0b91CFD19687c881e50f3A00242828c })], maturity: 101, rcfThreshold: 55524656502917372687 [5.552e19], enterGate: 0x0000000000000000000000000000000000000000, liquidatorGate: 0x0000000000000000000000000000000000000000 }), buy: false, maker: 0x7d8A6b343f153D9d026466636ED35cA13C367fD2, start: 1, expiry: 17280001 [1.728e7], tick: 5820, group: 0x0000000000000000000000000000000000000000000000000000000000000000, callback: 0x0000000000000000000000000000000000000000, callbackData: 0x, receiverIfMakerIsSeller: 0x7d8A6b343f153D9d026466636ED35cA13C367fD2, ratifier: 0x5991A2dF15A8F6A256D3Ec51E99254Cd3fb576A9, reduceOnly: false, maxUnits: 100000000000000000000 [1e20], maxAssets: 0 }), 0x) [staticcall]
    │   │   └─ ← [Return] 0x7f87788ea698181ea4d28d1576d0ba4fc92c0dbe5bf75b43692af2ce91dbaea2
    │   ├─ emit UpdatePosition(id_: 0xb27e5e33a2159a44b8b4cfa768e0a92ab3411b3ce27fdc9712e10f0194f96674, user: LENDER: [0xb012341CA6E91C00A290F658fbaA5211F2559fB1], creditDecrease: 0, pendingFeeDecrease: 0, accruedFee: 0)
    │   ├─ emit Take(caller: LENDER: [0xb012341CA6E91C00A290F658fbaA5211F2559fB1], id_: 0xb27e5e33a2159a44b8b4cfa768e0a92ab3411b3ce27fdc9712e10f0194f96674, units: 100000000000000000000 [1e20], taker: LENDER: [0xb012341CA6E91C00A290F658fbaA5211F2559fB1], maker: BORROWER: [0x7d8A6b343f153D9d026466636ED35cA13C367fD2], offerIsBuy: false, group: 0x0000000000000000000000000000000000000000000000000000000000000000, buyerAssets: 100000000000000000000 [1e20], sellerAssets: 100000000000000000000 [1e20], consumed: 100000000000000000000 [1e20], buyerPendingFeeIncrease: 0, sellerPendingFeeDecrease: 0, buyerCreditIncrease: 100000000000000000000 [1e20], sellerCreditDecrease: 0, receiver: BORROWER: [0x7d8A6b343f153D9d026466636ED35cA13C367fD2], payer: LENDER: [0xb012341CA6E91C00A290F658fbaA5211F2559fB1])
    │   ├─ [7948] ERC20Permit::transferFrom(LENDER: [0xb012341CA6E91C00A290F658fbaA5211F2559fB1], Midnight: [0x5615dEB798BB3E4dFa0139dFa1b3D433Cc23b72f], 0)
    │   │   └─ ← [Return] true
    │   ├─ [12348] ERC20Permit::transferFrom(LENDER: [0xb012341CA6E91C00A290F658fbaA5211F2559fB1], BORROWER: [0x7d8A6b343f153D9d026466636ED35cA13C367fD2], 100000000000000000000 [1e20])
    │   │   └─ ← [Return] true
    │   ├─ [263] Oracle::price() [staticcall]
    │   │   └─ ← [Return] 1000000000000000000000000000000000000 [1e36]
    │   └─ ← [Return] 100000000000000000000 [1e20], 100000000000000000000 [1e20]
    ├─ [3033] Oracle::setPrice(900000000000000000000000000000000000 [9e35])
    │   └─ ← [Stop]
    ├─ [3413] Midnight::isHealthy(Market({ loanToken: 0xc7183455a4C133Ae270771860664b6B7ec320bB1, collateralParams: [CollateralParams({ token: 0xa0Cb889707d426A7A386870A03bc70d1b0697598, lltv: 770000000000000000 [7.7e17], maxLif: 1061007957559681697 [1.061e18], oracle: 0xA4AD4f68d0b91CFD19687c881e50f3A00242828c })], maturity: 101, rcfThreshold: 55524656502917372687 [5.552e19], enterGate: 0x0000000000000000000000000000000000000000, liquidatorGate: 0x0000000000000000000000000000000000000000 }), 0xb27e5e33a2159a44b8b4cfa768e0a92ab3411b3ce27fdc9712e10f0194f96674, BORROWER: [0x7d8A6b343f153D9d026466636ED35cA13C367fD2]) [staticcall]
    │   ├─ [263] Oracle::price() [staticcall]
    │   │   └─ ← [Return] 900000000000000000000000000000000000 [9e35]
    │   └─ ← [Return] false
    ├─ [793] Midnight::lossFactor(0xb27e5e33a2159a44b8b4cfa768e0a92ab3411b3ce27fdc9712e10f0194f96674) [staticcall]
    │   └─ ← [Return] 0
    ├─ [2530] ERC20Permit::balanceOf(LIQUIDATOR: [0x0000000000000000000000000000000000007002]) [staticcall]
    │   └─ ← [Return] 0
    ├─ [0] VM::record()
    │   └─ ← [Return]
    ├─ [530] ERC20Permit::balanceOf(LIQUIDATOR: [0x0000000000000000000000000000000000007002]) [staticcall]
    │   └─ ← [Return] 0
    ├─ [0] VM::accesses(ERC20Permit: [0xc7183455a4C133Ae270771860664b6B7ec320bB1]) [staticcall]
    │   └─ ← [Return] [0x7f0b7cfd8b7c7777c71e368b0573ff1e65d3c390937e70cd77c7b3349943c8a7], []
    ├─ [0] VM::load(ERC20Permit: [0xc7183455a4C133Ae270771860664b6B7ec320bB1], 0x7f0b7cfd8b7c7777c71e368b0573ff1e65d3c390937e70cd77c7b3349943c8a7) [staticcall]
    │   └─ ← [Return] 0x0000000000000000000000000000000000000000000000000000000000000000
    ├─ emit WARNING_UninitedSlot(who: ERC20Permit: [0xc7183455a4C133Ae270771860664b6B7ec320bB1], slot: 57464029739890513530750233884553496021565852171521834364056282210429829367975 [5.746e76])
    ├─ [0] VM::load(ERC20Permit: [0xc7183455a4C133Ae270771860664b6B7ec320bB1], 0x7f0b7cfd8b7c7777c71e368b0573ff1e65d3c390937e70cd77c7b3349943c8a7) [staticcall]
    │   └─ ← [Return] 0x0000000000000000000000000000000000000000000000000000000000000000
    ├─ [530] ERC20Permit::balanceOf(LIQUIDATOR: [0x0000000000000000000000000000000000007002]) [staticcall]
    │   └─ ← [Return] 0
    ├─ [0] VM::store(ERC20Permit: [0xc7183455a4C133Ae270771860664b6B7ec320bB1], 0x7f0b7cfd8b7c7777c71e368b0573ff1e65d3c390937e70cd77c7b3349943c8a7, 0xffffffffffffffffffffffffffffffffffffffffffffffffffffffffffffffff)
    │   └─ ← [Return]
    ├─ [530] ERC20Permit::balanceOf(LIQUIDATOR: [0x0000000000000000000000000000000000007002]) [staticcall]
    │   └─ ← [Return] 115792089237316195423570985008687907853269984665640564039457584007913129639935 [1.157e77]
    ├─ [0] VM::store(ERC20Permit: [0xc7183455a4C133Ae270771860664b6B7ec320bB1], 0x7f0b7cfd8b7c7777c71e368b0573ff1e65d3c390937e70cd77c7b3349943c8a7, 0x0000000000000000000000000000000000000000000000000000000000000000)
    │   └─ ← [Return]
    ├─ emit SlotFound(who: ERC20Permit: [0xc7183455a4C133Ae270771860664b6B7ec320bB1], fsig: 0x70a08231, keysHash: 0x6b4aa18305fef629711e3e0a31ee8e448087f7617fcaae9ed4b69b93d8ad40ef, slot: 57464029739890513530750233884553496021565852171521834364056282210429829367975 [5.746e76])
    ├─ [0] VM::load(ERC20Permit: [0xc7183455a4C133Ae270771860664b6B7ec320bB1], 0x7f0b7cfd8b7c7777c71e368b0573ff1e65d3c390937e70cd77c7b3349943c8a7) [staticcall]
    │   └─ ← [Return] 0x0000000000000000000000000000000000000000000000000000000000000000
    ├─ [0] VM::store(ERC20Permit: [0xc7183455a4C133Ae270771860664b6B7ec320bB1], 0x7f0b7cfd8b7c7777c71e368b0573ff1e65d3c390937e70cd77c7b3349943c8a7, 0x0000000000000000000000000000000000000000000000056bc75e2d63100000)
    │   └─ ← [Return]
    ├─ [530] ERC20Permit::balanceOf(LIQUIDATOR: [0x0000000000000000000000000000000000007002]) [staticcall]
    │   └─ ← [Return] 100000000000000000000 [1e20]
    ├─ [0] VM::prank(LIQUIDATOR: [0x0000000000000000000000000000000000007002])
    │   └─ ← [Return]
    ├─ [22492] ERC20Permit::approve(Midnight: [0x5615dEB798BB3E4dFa0139dFa1b3D433Cc23b72f], 115792089237316195423570985008687907853269984665640564039457584007913129639935 [1.157e77])
    │   └─ ← [Return] true
    ├─ [0] VM::prank(LIQUIDATOR: [0x0000000000000000000000000000000000007002])
    │   └─ ← [Return]
    ├─ [22492] ERC20Permit::approve(MidnightBundles: [0xD6BbDE9174b1CdAa358d2Cf4D57D1a9F7178FBfF], 115792089237316195423570985008687907853269984665640564039457584007913129639935 [1.157e77])
    │   └─ ← [Return] true
    ├─ [0] VM::snapshotState()
    │   └─ ← [Return] 0
    ├─ [0] VM::prank(LIQUIDATOR: [0x0000000000000000000000000000000000007002])
    │   └─ ← [Return]
    ├─ [84412] Midnight::liquidate(Market({ loanToken: 0xc7183455a4C133Ae270771860664b6B7ec320bB1, collateralParams: [CollateralParams({ token: 0xa0Cb889707d426A7A386870A03bc70d1b0697598, lltv: 770000000000000000 [7.7e17], maxLif: 1061007957559681697 [1.061e18], oracle: 0xA4AD4f68d0b91CFD19687c881e50f3A00242828c })], maturity: 101, rcfThreshold: 55524656502917372687 [5.552e19], enterGate: 0x0000000000000000000000000000000000000000, liquidatorGate: 0x0000000000000000000000000000000000000000 }), 0, 0, 100000000000000000000 [1e20], BORROWER: [0x7d8A6b343f153D9d026466636ED35cA13C367fD2], false, LIQUIDATOR: [0x0000000000000000000000000000000000007002], 0x0000000000000000000000000000000000000000, 0x)
    │   ├─ [263] Oracle::price() [staticcall]
    │   │   └─ ← [Return] 900000000000000000000000000000000000 [9e35]
    │   ├─ emit Liquidate(caller: LIQUIDATOR: [0x0000000000000000000000000000000000007002], id_: 0xb27e5e33a2159a44b8b4cfa768e0a92ab3411b3ce27fdc9712e10f0194f96674, collateral: ERC20Permit: [0xa0Cb889707d426A7A386870A03bc70d1b0697598], seizedAssets: 117889773062186855222 [1.178e20], repaidUnits: 100000000000000000000 [1e20], borrower: BORROWER: [0x7d8A6b343f153D9d026466636ED35cA13C367fD2], postMaturityMode: false, receiver: LIQUIDATOR: [0x0000000000000000000000000000000000007002], payer: LIQUIDATOR: [0x0000000000000000000000000000000000007002], badDebt: 0, latestLossFactor: 0, latestContinuousFeeCredit: 0)
    │   ├─ [23214] ERC20Permit::transfer(LIQUIDATOR: [0x0000000000000000000000000000000000007002], 117889773062186855222 [1.178e20])
    │   │   └─ ← [Return] true
    │   ├─ [21848] ERC20Permit::transferFrom(LIQUIDATOR: [0x0000000000000000000000000000000000007002], Midnight: [0x5615dEB798BB3E4dFa0139dFa1b3D433Cc23b72f], 100000000000000000000 [1e20])
    │   │   └─ ← [Return] true
    │   └─ ← [Return] 117889773062186855222 [1.178e20], 100000000000000000000 [1e20]
    ├─ [1524] Midnight::debtOf(0xb27e5e33a2159a44b8b4cfa768e0a92ab3411b3ce27fdc9712e10f0194f96674, BORROWER: [0x7d8A6b343f153D9d026466636ED35cA13C367fD2]) [staticcall]
    │   └─ ← [Return] 0
    ├─ [793] Midnight::lossFactor(0xb27e5e33a2159a44b8b4cfa768e0a92ab3411b3ce27fdc9712e10f0194f96674) [staticcall]
    │   └─ ← [Return] 0
    ├─ [0] VM::revertToState(0)
    │   └─ ← [Return] true
    ├─ [1749] Midnight::collateral(0xb27e5e33a2159a44b8b4cfa768e0a92ab3411b3ce27fdc9712e10f0194f96674, BORROWER: [0x7d8A6b343f153D9d026466636ED35cA13C367fD2], 0) [staticcall]
    │   └─ ← [Return] 129870129870129870130 [1.298e20]
    ├─ [1524] Midnight::debtOf(0xb27e5e33a2159a44b8b4cfa768e0a92ab3411b3ce27fdc9712e10f0194f96674, BORROWER: [0x7d8A6b343f153D9d026466636ED35cA13C367fD2]) [staticcall]
    │   └─ ← [Return] 100000000000000000000 [1e20]
    ├─ [530] ERC20Permit::balanceOf(BORROWER: [0x7d8A6b343f153D9d026466636ED35cA13C367fD2]) [staticcall]
    │   └─ ← [Return] 0
    ├─ [0] VM::load(ERC20Permit: [0xa0Cb889707d426A7A386870A03bc70d1b0697598], 0x15a468c6d900628ce3ba4517e2b560d7819ee949d1a87fc9ee12d70bbe498594) [staticcall]
    │   └─ ← [Return] 0x0000000000000000000000000000000000000000000000000000000000000000
    ├─ [0] VM::store(ERC20Permit: [0xa0Cb889707d426A7A386870A03bc70d1b0697598], 0x15a468c6d900628ce3ba4517e2b560d7819ee949d1a87fc9ee12d70bbe498594, 0x0000000000000000000000000000000000000000000000000000000000000002)
    │   └─ ← [Return]
    ├─ [530] ERC20Permit::balanceOf(BORROWER: [0x7d8A6b343f153D9d026466636ED35cA13C367fD2]) [staticcall]
    │   └─ ← [Return] 2
    ├─ [0] VM::startPrank(BORROWER: [0x7d8A6b343f153D9d026466636ED35cA13C367fD2])
    │   └─ ← [Return]
    ├─ [20392] ERC20Permit::approve(Midnight: [0x5615dEB798BB3E4dFa0139dFa1b3D433Cc23b72f], 2)
    │   └─ ← [Return] true
    ├─ [11039] Midnight::supplyCollateral(Market({ loanToken: 0xc7183455a4C133Ae270771860664b6B7ec320bB1, collateralParams: [CollateralParams({ token: 0xa0Cb889707d426A7A386870A03bc70d1b0697598, lltv: 770000000000000000 [7.7e17], maxLif: 1061007957559681697 [1.061e18], oracle: 0xA4AD4f68d0b91CFD19687c881e50f3A00242828c })], maturity: 101, rcfThreshold: 55524656502917372687 [5.552e19], enterGate: 0x0000000000000000000000000000000000000000, liquidatorGate: 0x0000000000000000000000000000000000000000 }), 0, 2, BORROWER: [0x7d8A6b343f153D9d026466636ED35cA13C367fD2])
    │   ├─ emit SupplyCollateral(caller: BORROWER: [0x7d8A6b343f153D9d026466636ED35cA13C367fD2], id_: 0xb27e5e33a2159a44b8b4cfa768e0a92ab3411b3ce27fdc9712e10f0194f96674, collateral: ERC20Permit: [0xa0Cb889707d426A7A386870A03bc70d1b0697598], assets: 2, onBehalf: BORROWER: [0x7d8A6b343f153D9d026466636ED35cA13C367fD2])
    │   ├─ [1948] ERC20Permit::transferFrom(BORROWER: [0x7d8A6b343f153D9d026466636ED35cA13C367fD2], Midnight: [0x5615dEB798BB3E4dFa0139dFa1b3D433Cc23b72f], 2)
    │   │   └─ ← [Return] true
    │   └─ ← [Return]
    ├─ [0] VM::stopPrank()
    │   └─ ← [Return]
    ├─ [0] VM::prank(LIQUIDATOR: [0x0000000000000000000000000000000000007002])
    │   └─ ← [Return]
    ├─ [0] VM::expectRevert(custom error 0xc31eb0e0: 1b428e8800000000000000000000000000000000000000000000000000000000)
    │   └─ ← [Return]
    ├─ [10007] Midnight::liquidate(Market({ loanToken: 0xc7183455a4C133Ae270771860664b6B7ec320bB1, collateralParams: [CollateralParams({ token: 0xa0Cb889707d426A7A386870A03bc70d1b0697598, lltv: 770000000000000000 [7.7e17], maxLif: 1061007957559681697 [1.061e18], oracle: 0xA4AD4f68d0b91CFD19687c881e50f3A00242828c })], maturity: 101, rcfThreshold: 55524656502917372687 [5.552e19], enterGate: 0x0000000000000000000000000000000000000000, liquidatorGate: 0x0000000000000000000000000000000000000000 }), 0, 0, 100000000000000000000 [1e20], BORROWER: [0x7d8A6b343f153D9d026466636ED35cA13C367fD2], false, LIQUIDATOR: [0x0000000000000000000000000000000000007002], 0x0000000000000000000000000000000000000000, 0x)
    │   ├─ [263] Oracle::price() [staticcall]
    │   │   └─ ← [Return] 900000000000000000000000000000000000 [9e35]
    │   └─ ← [Revert] RecoveryCloseFactorConditionsViolated()
    ├─ [1749] Midnight::collateral(0xb27e5e33a2159a44b8b4cfa768e0a92ab3411b3ce27fdc9712e10f0194f96674, BORROWER: [0x7d8A6b343f153D9d026466636ED35cA13C367fD2], 0) [staticcall]
    │   └─ ← [Return] 129870129870129870132 [1.298e20]
    ├─ [1524] Midnight::debtOf(0xb27e5e33a2159a44b8b4cfa768e0a92ab3411b3ce27fdc9712e10f0194f96674, BORROWER: [0x7d8A6b343f153D9d026466636ED35cA13C367fD2]) [staticcall]
    │   └─ ← [Return] 100000000000000000000 [1e20]
    ├─ [0] VM::prank(LIQUIDATOR: [0x0000000000000000000000000000000000007002])
    │   └─ ← [Return]
    ├─ [83878] Midnight::liquidate(Market({ loanToken: 0xc7183455a4C133Ae270771860664b6B7ec320bB1, collateralParams: [CollateralParams({ token: 0xa0Cb889707d426A7A386870A03bc70d1b0697598, lltv: 770000000000000000 [7.7e17], maxLif: 1061007957559681697 [1.061e18], oracle: 0xA4AD4f68d0b91CFD19687c881e50f3A00242828c })], maturity: 101, rcfThreshold: 55524656502917372687 [5.552e19], enterGate: 0x0000000000000000000000000000000000000000, liquidatorGate: 0x0000000000000000000000000000000000000000 }), 0, 0, 54637681159420289715 [5.463e19], BORROWER: [0x7d8A6b343f153D9d026466636ED35cA13C367fD2], false, LIQUIDATOR: [0x0000000000000000000000000000000000007002], 0x0000000000000000000000000000000000000000, 0x)
    │   ├─ [263] Oracle::price() [staticcall]
    │   │   └─ ← [Return] 900000000000000000000000000000000000 [9e35]
    │   ├─ emit Liquidate(caller: LIQUIDATOR: [0x0000000000000000000000000000000000007002], id_: 0xb27e5e33a2159a44b8b4cfa768e0a92ab3411b3ce27fdc9712e10f0194f96674, collateral: ERC20Permit: [0xa0Cb889707d426A7A386870A03bc70d1b0697598], seizedAssets: 64412238325281803340 [6.441e19], repaidUnits: 54637681159420289715 [5.463e19], borrower: BORROWER: [0x7d8A6b343f153D9d026466636ED35cA13C367fD2], postMaturityMode: false, receiver: LIQUIDATOR: [0x0000000000000000000000000000000000007002], payer: LIQUIDATOR: [0x0000000000000000000000000000000000007002], badDebt: 0, latestLossFactor: 0, latestContinuousFeeCredit: 0)
    │   ├─ [23214] ERC20Permit::transfer(LIQUIDATOR: [0x0000000000000000000000000000000000007002], 64412238325281803340 [6.441e19])
    │   │   └─ ← [Return] true
    │   ├─ [21848] ERC20Permit::transferFrom(LIQUIDATOR: [0x0000000000000000000000000000000000007002], Midnight: [0x5615dEB798BB3E4dFa0139dFa1b3D433Cc23b72f], 54637681159420289715 [5.463e19])
    │   │   └─ ← [Return] true
    │   └─ ← [Return] 64412238325281803340 [6.441e19], 54637681159420289715 [5.463e19]
    ├─ [1524] Midnight::debtOf(0xb27e5e33a2159a44b8b4cfa768e0a92ab3411b3ce27fdc9712e10f0194f96674, BORROWER: [0x7d8A6b343f153D9d026466636ED35cA13C367fD2]) [staticcall]
    │   └─ ← [Return] 45362318840579710285 [4.536e19]
    ├─ [3413] Midnight::isHealthy(Market({ loanToken: 0xc7183455a4C133Ae270771860664b6B7ec320bB1, collateralParams: [CollateralParams({ token: 0xa0Cb889707d426A7A386870A03bc70d1b0697598, lltv: 770000000000000000 [7.7e17], maxLif: 1061007957559681697 [1.061e18], oracle: 0xA4AD4f68d0b91CFD19687c881e50f3A00242828c })], maturity: 101, rcfThreshold: 55524656502917372687 [5.552e19], enterGate: 0x0000000000000000000000000000000000000000, liquidatorGate: 0x0000000000000000000000000000000000000000 }), 0xb27e5e33a2159a44b8b4cfa768e0a92ab3411b3ce27fdc9712e10f0194f96674, BORROWER: [0x7d8A6b343f153D9d026466636ED35cA13C367fD2]) [staticcall]
    │   ├─ [263] Oracle::price() [staticcall]
    │   │   └─ ← [Return] 900000000000000000000000000000000000 [9e35]
    │   └─ ← [Return] true
    ├─ [793] Midnight::lossFactor(0xb27e5e33a2159a44b8b4cfa768e0a92ab3411b3ce27fdc9712e10f0194f96674) [staticcall]
    │   └─ ← [Return] 0
    ├─ [877] Midnight::withdrawable(0xb27e5e33a2159a44b8b4cfa768e0a92ab3411b3ce27fdc9712e10f0194f96674) [staticcall]
    │   └─ ← [Return] 54637681159420289715 [5.463e19]
    └─ ← [Return]

[PASS] testHist_UnauthorizedThirdPartyCannotTopUpBorrowerToFlipRcf() (gas: 723728)
Traces:
  [909925] PoCHistRcfTopUpLiquidationGriefTest::testHist_UnauthorizedThirdPartyCannotTopUpBorrowerToFlipRcf()
    ├─ [0] VM::getBlockTimestamp() [staticcall]
    │   └─ ← [Return] 1
    ├─ [148101] Midnight::touchMarket(Market({ loanToken: 0xc7183455a4C133Ae270771860664b6B7ec320bB1, collateralParams: [CollateralParams({ token: 0xa0Cb889707d426A7A386870A03bc70d1b0697598, lltv: 770000000000000000 [7.7e17], maxLif: 1061007957559681697 [1.061e18], oracle: 0xA4AD4f68d0b91CFD19687c881e50f3A00242828c })], maturity: 101, rcfThreshold: 55524656502917372687 [5.552e19], enterGate: 0x0000000000000000000000000000000000000000, liquidatorGate: 0x0000000000000000000000000000000000000000 }))
    │   ├─ [76893] → new <unknown>@0x68E0A92Ab3411B3CE27FDC9712E10f0194f96674
    │   │   └─ ← [Return] 384 bytes of code
    │   ├─ emit MarketCreated(market: Market({ loanToken: 0xc7183455a4C133Ae270771860664b6B7ec320bB1, collateralParams: [CollateralParams({ token: 0xa0Cb889707d426A7A386870A03bc70d1b0697598, lltv: 770000000000000000 [7.7e17], maxLif: 1061007957559681697 [1.061e18], oracle: 0xA4AD4f68d0b91CFD19687c881e50f3A00242828c })], maturity: 101, rcfThreshold: 55524656502917372687 [5.552e19], enterGate: 0x0000000000000000000000000000000000000000, liquidatorGate: 0x0000000000000000000000000000000000000000 }), id_: 0xb27e5e33a2159a44b8b4cfa768e0a92ab3411b3ce27fdc9712e10f0194f96674)
    │   └─ ← [Return] 0xb27e5e33a2159a44b8b4cfa768e0a92ab3411b3ce27fdc9712e10f0194f96674
    ├─ [5717] Midnight::setMarketTickSpacing(0xb27e5e33a2159a44b8b4cfa768e0a92ab3411b3ce27fdc9712e10f0194f96674, 1)
    │   ├─ emit SetMarketTickSpacing(id_: 0xb27e5e33a2159a44b8b4cfa768e0a92ab3411b3ce27fdc9712e10f0194f96674, newTickSpacing: 1)
    │   └─ ← [Return]
    ├─ [2263] Oracle::price() [staticcall]
    │   └─ ← [Return] 1000000000000000000000000000000000000 [1e36]
    ├─ [2530] ERC20Permit::balanceOf(BORROWER: [0x7d8A6b343f153D9d026466636ED35cA13C367fD2]) [staticcall]
    │   └─ ← [Return] 0
    ├─ [0] VM::record()
    │   └─ ← [Return]
    ├─ [530] ERC20Permit::balanceOf(BORROWER: [0x7d8A6b343f153D9d026466636ED35cA13C367fD2]) [staticcall]
    │   └─ ← [Return] 0
    ├─ [0] VM::accesses(ERC20Permit: [0xa0Cb889707d426A7A386870A03bc70d1b0697598]) [staticcall]
    │   └─ ← [Return] [0x15a468c6d900628ce3ba4517e2b560d7819ee949d1a87fc9ee12d70bbe498594], []
    ├─ [0] VM::load(ERC20Permit: [0xa0Cb889707d426A7A386870A03bc70d1b0697598], 0x15a468c6d900628ce3ba4517e2b560d7819ee949d1a87fc9ee12d70bbe498594) [staticcall]
    │   └─ ← [Return] 0x0000000000000000000000000000000000000000000000000000000000000000
    ├─ emit WARNING_UninitedSlot(who: ERC20Permit: [0xa0Cb889707d426A7A386870A03bc70d1b0697598], slot: 9789055881414681156735395477386165223285663674022031532147534007212698076564 [9.789e75])
    ├─ [0] VM::load(ERC20Permit: [0xa0Cb889707d426A7A386870A03bc70d1b0697598], 0x15a468c6d900628ce3ba4517e2b560d7819ee949d1a87fc9ee12d70bbe498594) [staticcall]
    │   └─ ← [Return] 0x0000000000000000000000000000000000000000000000000000000000000000
    ├─ [530] ERC20Permit::balanceOf(BORROWER: [0x7d8A6b343f153D9d026466636ED35cA13C367fD2]) [staticcall]
    │   └─ ← [Return] 0
    ├─ [0] VM::store(ERC20Permit: [0xa0Cb889707d426A7A386870A03bc70d1b0697598], 0x15a468c6d900628ce3ba4517e2b560d7819ee949d1a87fc9ee12d70bbe498594, 0xffffffffffffffffffffffffffffffffffffffffffffffffffffffffffffffff)
    │   └─ ← [Return]
    ├─ [530] ERC20Permit::balanceOf(BORROWER: [0x7d8A6b343f153D9d026466636ED35cA13C367fD2]) [staticcall]
    │   └─ ← [Return] 115792089237316195423570985008687907853269984665640564039457584007913129639935 [1.157e77]
    ├─ [0] VM::store(ERC20Permit: [0xa0Cb889707d426A7A386870A03bc70d1b0697598], 0x15a468c6d900628ce3ba4517e2b560d7819ee949d1a87fc9ee12d70bbe498594, 0x0000000000000000000000000000000000000000000000000000000000000000)
    │   └─ ← [Return]
    ├─ emit SlotFound(who: ERC20Permit: [0xa0Cb889707d426A7A386870A03bc70d1b0697598], fsig: 0x70a08231, keysHash: 0x6e74baf98b31b7b30020f336160de74407bace769cf6b06ccab8e5b277ed88ee, slot: 9789055881414681156735395477386165223285663674022031532147534007212698076564 [9.789e75])
    ├─ [0] VM::load(ERC20Permit: [0xa0Cb889707d426A7A386870A03bc70d1b0697598], 0x15a468c6d900628ce3ba4517e2b560d7819ee949d1a87fc9ee12d70bbe498594) [staticcall]
    │   └─ ← [Return] 0x0000000000000000000000000000000000000000000000000000000000000000
    ├─ [0] VM::store(ERC20Permit: [0xa0Cb889707d426A7A386870A03bc70d1b0697598], 0x15a468c6d900628ce3ba4517e2b560d7819ee949d1a87fc9ee12d70bbe498594, 0x0000000000000000000000000000000000000000000000070a4f630912f03532)
    │   └─ ← [Return]
    ├─ [530] ERC20Permit::balanceOf(BORROWER: [0x7d8A6b343f153D9d026466636ED35cA13C367fD2]) [staticcall]
    │   └─ ← [Return] 129870129870129870130 [1.298e20]
    ├─ [0] VM::startPrank(BORROWER: [0x7d8A6b343f153D9d026466636ED35cA13C367fD2])
    │   └─ ← [Return]
    ├─ [2592] ERC20Permit::approve(Midnight: [0x5615dEB798BB3E4dFa0139dFa1b3D433Cc23b72f], 0)
    │   └─ ← [Return] true
    ├─ [20392] ERC20Permit::approve(Midnight: [0x5615dEB798BB3E4dFa0139dFa1b3D433Cc23b72f], 129870129870129870130 [1.298e20])
    │   └─ ← [Return] true
    ├─ [77338] Midnight::supplyCollateral(Market({ loanToken: 0xc7183455a4C133Ae270771860664b6B7ec320bB1, collateralParams: [CollateralParams({ token: 0xa0Cb889707d426A7A386870A03bc70d1b0697598, lltv: 770000000000000000 [7.7e17], maxLif: 1061007957559681697 [1.061e18], oracle: 0xA4AD4f68d0b91CFD19687c881e50f3A00242828c })], maturity: 101, rcfThreshold: 55524656502917372687 [5.552e19], enterGate: 0x0000000000000000000000000000000000000000, liquidatorGate: 0x0000000000000000000000000000000000000000 }), 0, 129870129870129870130 [1.298e20], BORROWER: [0x7d8A6b343f153D9d026466636ED35cA13C367fD2])
    │   ├─ emit SupplyCollateral(caller: BORROWER: [0x7d8A6b343f153D9d026466636ED35cA13C367fD2], id_: 0xb27e5e33a2159a44b8b4cfa768e0a92ab3411b3ce27fdc9712e10f0194f96674, collateral: ERC20Permit: [0xa0Cb889707d426A7A386870A03bc70d1b0697598], assets: 129870129870129870130 [1.298e20], onBehalf: BORROWER: [0x7d8A6b343f153D9d026466636ED35cA13C367fD2])
    │   ├─ [23848] ERC20Permit::transferFrom(BORROWER: [0x7d8A6b343f153D9d026466636ED35cA13C367fD2], Midnight: [0x5615dEB798BB3E4dFa0139dFa1b3D433Cc23b72f], 129870129870129870130 [1.298e20])
    │   │   └─ ← [Return] true
    │   └─ ← [Return]
    ├─ [0] VM::stopPrank()
    │   └─ ← [Return]
    ├─ [0] VM::prank(LENDER: [0xb012341CA6E91C00A290F658fbaA5211F2559fB1])
    │   └─ ← [Return]
    ├─ [160672] Midnight::take(Offer({ market: Market({ loanToken: 0xc7183455a4C133Ae270771860664b6B7ec320bB1, collateralParams: [CollateralParams({ token: 0xa0Cb889707d426A7A386870A03bc70d1b0697598, lltv: 770000000000000000 [7.7e17], maxLif: 1061007957559681697 [1.061e18], oracle: 0xA4AD4f68d0b91CFD19687c881e50f3A00242828c })], maturity: 101, rcfThreshold: 55524656502917372687 [5.552e19], enterGate: 0x0000000000000000000000000000000000000000, liquidatorGate: 0x0000000000000000000000000000000000000000 }), buy: false, maker: 0x7d8A6b343f153D9d026466636ED35cA13C367fD2, start: 1, expiry: 17280001 [1.728e7], tick: 5820, group: 0x0000000000000000000000000000000000000000000000000000000000000000, callback: 0x0000000000000000000000000000000000000000, callbackData: 0x, receiverIfMakerIsSeller: 0x7d8A6b343f153D9d026466636ED35cA13C367fD2, ratifier: 0x5991A2dF15A8F6A256D3Ec51E99254Cd3fb576A9, reduceOnly: false, maxUnits: 100000000000000000000 [1e20], maxAssets: 0 }), 0x, 100000000000000000000 [1e20], LENDER: [0xb012341CA6E91C00A290F658fbaA5211F2559fB1], BORROWER: [0x7d8A6b343f153D9d026466636ED35cA13C367fD2], 0x0000000000000000000000000000000000000000, 0x)
    │   ├─ [2777] DummyRatifier::isRatified(Offer({ market: Market({ loanToken: 0xc7183455a4C133Ae270771860664b6B7ec320bB1, collateralParams: [CollateralParams({ token: 0xa0Cb889707d426A7A386870A03bc70d1b0697598, lltv: 770000000000000000 [7.7e17], maxLif: 1061007957559681697 [1.061e18], oracle: 0xA4AD4f68d0b91CFD19687c881e50f3A00242828c })], maturity: 101, rcfThreshold: 55524656502917372687 [5.552e19], enterGate: 0x0000000000000000000000000000000000000000, liquidatorGate: 0x0000000000000000000000000000000000000000 }), buy: false, maker: 0x7d8A6b343f153D9d026466636ED35cA13C367fD2, start: 1, expiry: 17280001 [1.728e7], tick: 5820, group: 0x0000000000000000000000000000000000000000000000000000000000000000, callback: 0x0000000000000000000000000000000000000000, callbackData: 0x, receiverIfMakerIsSeller: 0x7d8A6b343f153D9d026466636ED35cA13C367fD2, ratifier: 0x5991A2dF15A8F6A256D3Ec51E99254Cd3fb576A9, reduceOnly: false, maxUnits: 100000000000000000000 [1e20], maxAssets: 0 }), 0x) [staticcall]
    │   │   └─ ← [Return] 0x7f87788ea698181ea4d28d1576d0ba4fc92c0dbe5bf75b43692af2ce91dbaea2
    │   ├─ emit UpdatePosition(id_: 0xb27e5e33a2159a44b8b4cfa768e0a92ab3411b3ce27fdc9712e10f0194f96674, user: LENDER: [0xb012341CA6E91C00A290F658fbaA5211F2559fB1], creditDecrease: 0, pendingFeeDecrease: 0, accruedFee: 0)
    │   ├─ emit Take(caller: LENDER: [0xb012341CA6E91C00A290F658fbaA5211F2559fB1], id_: 0xb27e5e33a2159a44b8b4cfa768e0a92ab3411b3ce27fdc9712e10f0194f96674, units: 100000000000000000000 [1e20], taker: LENDER: [0xb012341CA6E91C00A290F658fbaA5211F2559fB1], maker: BORROWER: [0x7d8A6b343f153D9d026466636ED35cA13C367fD2], offerIsBuy: false, group: 0x0000000000000000000000000000000000000000000000000000000000000000, buyerAssets: 100000000000000000000 [1e20], sellerAssets: 100000000000000000000 [1e20], consumed: 100000000000000000000 [1e20], buyerPendingFeeIncrease: 0, sellerPendingFeeDecrease: 0, buyerCreditIncrease: 100000000000000000000 [1e20], sellerCreditDecrease: 0, receiver: BORROWER: [0x7d8A6b343f153D9d026466636ED35cA13C367fD2], payer: LENDER: [0xb012341CA6E91C00A290F658fbaA5211F2559fB1])
    │   ├─ [7948] ERC20Permit::transferFrom(LENDER: [0xb012341CA6E91C00A290F658fbaA5211F2559fB1], Midnight: [0x5615dEB798BB3E4dFa0139dFa1b3D433Cc23b72f], 0)
    │   │   └─ ← [Return] true
    │   ├─ [12348] ERC20Permit::transferFrom(LENDER: [0xb012341CA6E91C00A290F658fbaA5211F2559fB1], BORROWER: [0x7d8A6b343f153D9d026466636ED35cA13C367fD2], 100000000000000000000 [1e20])
    │   │   └─ ← [Return] true
    │   ├─ [263] Oracle::price() [staticcall]
    │   │   └─ ← [Return] 1000000000000000000000000000000000000 [1e36]
    │   └─ ← [Return] 100000000000000000000 [1e20], 100000000000000000000 [1e20]
    ├─ [3033] Oracle::setPrice(900000000000000000000000000000000000 [9e35])
    │   └─ ← [Stop]
    ├─ [3413] Midnight::isHealthy(Market({ loanToken: 0xc7183455a4C133Ae270771860664b6B7ec320bB1, collateralParams: [CollateralParams({ token: 0xa0Cb889707d426A7A386870A03bc70d1b0697598, lltv: 770000000000000000 [7.7e17], maxLif: 1061007957559681697 [1.061e18], oracle: 0xA4AD4f68d0b91CFD19687c881e50f3A00242828c })], maturity: 101, rcfThreshold: 55524656502917372687 [5.552e19], enterGate: 0x0000000000000000000000000000000000000000, liquidatorGate: 0x0000000000000000000000000000000000000000 }), 0xb27e5e33a2159a44b8b4cfa768e0a92ab3411b3ce27fdc9712e10f0194f96674, BORROWER: [0x7d8A6b343f153D9d026466636ED35cA13C367fD2]) [staticcall]
    │   ├─ [263] Oracle::price() [staticcall]
    │   │   └─ ← [Return] 900000000000000000000000000000000000 [9e35]
    │   └─ ← [Return] false
    ├─ [793] Midnight::lossFactor(0xb27e5e33a2159a44b8b4cfa768e0a92ab3411b3ce27fdc9712e10f0194f96674) [staticcall]
    │   └─ ← [Return] 0
    ├─ [1749] Midnight::collateral(0xb27e5e33a2159a44b8b4cfa768e0a92ab3411b3ce27fdc9712e10f0194f96674, BORROWER: [0x7d8A6b343f153D9d026466636ED35cA13C367fD2], 0) [staticcall]
    │   └─ ← [Return] 129870129870129870130 [1.298e20]
    ├─ [1524] Midnight::debtOf(0xb27e5e33a2159a44b8b4cfa768e0a92ab3411b3ce27fdc9712e10f0194f96674, BORROWER: [0x7d8A6b343f153D9d026466636ED35cA13C367fD2]) [staticcall]
    │   └─ ← [Return] 100000000000000000000 [1e20]
    ├─ [2530] ERC20Permit::balanceOf(ATTACKER: [0x000000000000000000000000000000000000a771]) [staticcall]
    │   └─ ← [Return] 0
    ├─ [0] VM::record()
    │   └─ ← [Return]
    ├─ [530] ERC20Permit::balanceOf(ATTACKER: [0x000000000000000000000000000000000000a771]) [staticcall]
    │   └─ ← [Return] 0
    ├─ [0] VM::accesses(ERC20Permit: [0xa0Cb889707d426A7A386870A03bc70d1b0697598]) [staticcall]
    │   └─ ← [Return] [0x77cf36844ce02fb0fa30662afc86168c2c8e9d66ef3476ef7ed0aaeecd51a205], []
    ├─ [0] VM::load(ERC20Permit: [0xa0Cb889707d426A7A386870A03bc70d1b0697598], 0x77cf36844ce02fb0fa30662afc86168c2c8e9d66ef3476ef7ed0aaeecd51a205) [staticcall]
    │   └─ ← [Return] 0x0000000000000000000000000000000000000000000000000000000000000000
    ├─ emit WARNING_UninitedSlot(who: ERC20Permit: [0xa0Cb889707d426A7A386870A03bc70d1b0697598], slot: 54191342584929471585991229221791453321126527795348728891838891959236087095813 [5.419e76])
    ├─ [0] VM::load(ERC20Permit: [0xa0Cb889707d426A7A386870A03bc70d1b0697598], 0x77cf36844ce02fb0fa30662afc86168c2c8e9d66ef3476ef7ed0aaeecd51a205) [staticcall]
    │   └─ ← [Return] 0x0000000000000000000000000000000000000000000000000000000000000000
    ├─ [530] ERC20Permit::balanceOf(ATTACKER: [0x000000000000000000000000000000000000a771]) [staticcall]
    │   └─ ← [Return] 0
    ├─ [0] VM::store(ERC20Permit: [0xa0Cb889707d426A7A386870A03bc70d1b0697598], 0x77cf36844ce02fb0fa30662afc86168c2c8e9d66ef3476ef7ed0aaeecd51a205, 0xffffffffffffffffffffffffffffffffffffffffffffffffffffffffffffffff)
    │   └─ ← [Return]
    ├─ [530] ERC20Permit::balanceOf(ATTACKER: [0x000000000000000000000000000000000000a771]) [staticcall]
    │   └─ ← [Return] 115792089237316195423570985008687907853269984665640564039457584007913129639935 [1.157e77]
    ├─ [0] VM::store(ERC20Permit: [0xa0Cb889707d426A7A386870A03bc70d1b0697598], 0x77cf36844ce02fb0fa30662afc86168c2c8e9d66ef3476ef7ed0aaeecd51a205, 0x0000000000000000000000000000000000000000000000000000000000000000)
    │   └─ ← [Return]
    ├─ emit SlotFound(who: ERC20Permit: [0xa0Cb889707d426A7A386870A03bc70d1b0697598], fsig: 0x70a08231, keysHash: 0xcf69f8463e110fa8a9f6b3c14fb5e246dc57243cab8b10f63077d6068845dced, slot: 54191342584929471585991229221791453321126527795348728891838891959236087095813 [5.419e76])
    ├─ [0] VM::load(ERC20Permit: [0xa0Cb889707d426A7A386870A03bc70d1b0697598], 0x77cf36844ce02fb0fa30662afc86168c2c8e9d66ef3476ef7ed0aaeecd51a205) [staticcall]
    │   └─ ← [Return] 0x0000000000000000000000000000000000000000000000000000000000000000
    ├─ [0] VM::store(ERC20Permit: [0xa0Cb889707d426A7A386870A03bc70d1b0697598], 0x77cf36844ce02fb0fa30662afc86168c2c8e9d66ef3476ef7ed0aaeecd51a205, 0x0000000000000000000000000000000000000000000000000000000000000002)
    │   └─ ← [Return]
    ├─ [530] ERC20Permit::balanceOf(ATTACKER: [0x000000000000000000000000000000000000a771]) [staticcall]
    │   └─ ← [Return] 2
    ├─ [0] VM::startPrank(ATTACKER: [0x000000000000000000000000000000000000a771])
    │   └─ ← [Return]
    ├─ [22492] ERC20Permit::approve(Midnight: [0x5615dEB798BB3E4dFa0139dFa1b3D433Cc23b72f], 2)
    │   └─ ← [Return] true
    ├─ [0] VM::expectRevert(custom error 0xc31eb0e0: 82b4290000000000000000000000000000000000000000000000000000000000)
    │   └─ ← [Return]
    ├─ [5128] Midnight::supplyCollateral(Market({ loanToken: 0xc7183455a4C133Ae270771860664b6B7ec320bB1, collateralParams: [CollateralParams({ token: 0xa0Cb889707d426A7A386870A03bc70d1b0697598, lltv: 770000000000000000 [7.7e17], maxLif: 1061007957559681697 [1.061e18], oracle: 0xA4AD4f68d0b91CFD19687c881e50f3A00242828c })], maturity: 101, rcfThreshold: 55524656502917372687 [5.552e19], enterGate: 0x0000000000000000000000000000000000000000, liquidatorGate: 0x0000000000000000000000000000000000000000 }), 0, 2, BORROWER: [0x7d8A6b343f153D9d026466636ED35cA13C367fD2])
    │   └─ ← [Revert] Unauthorized()
    ├─ [0] VM::stopPrank()
    │   └─ ← [Return]
    └─ ← [Return]

Suite result: ok. 3 passed; 0 failed; 0 skipped; finished in 11.05ms (7.05ms CPU time)

Ran 1 test suite in 19.75ms (11.05ms CPU time): 3 tests passed, 0 failed, 0 skipped (3 total tests)
